{"/Users/alex/Documents/Workspaces/ipfs/interop/scripts/node-globals.js":{"path":"/Users/alex/Documents/Workspaces/ipfs/interop/scripts/node-globals.js","all":false,"statementMap":{"0":{"start":{"line":1,"column":0},"end":{"line":1,"column":14}},"1":{"start":{"line":2,"column":0},"end":{"line":2,"column":43}}},"s":{"0":1,"1":1},"branchMap":{"0":{"type":"branch","line":1,"loc":{"start":{"line":1,"column":0},"end":{"line":2,"column":43}},"locations":[{"start":{"line":1,"column":0},"end":{"line":2,"column":43}}]}},"b":{"0":[1]},"fnMap":{"0":{"name":"scripts/node-globals.js","decl":{"start":{"line":1,"column":0},"end":{"line":2,"column":43}},"loc":{"start":{"line":1,"column":0},"end":{"line":2,"column":43}},"line":1}},"f":{"0":1}}}